d:\users\kjartan\dropbox\thinkingmachine\thinkingmachine\x64\debug\vc140.pdb
d:\users\kjartan\dropbox\thinkingmachine\thinkingmachine\x64\debug\vc140.idb
d:\users\kjartan\dropbox\thinkingmachine\thinkingmachine\x64\debug\master.obj
d:\users\kjartan\dropbox\thinkingmachine\x64\debug\thinkingmachine.ilk
d:\users\kjartan\dropbox\thinkingmachine\x64\debug\thinkingmachine.exe
d:\users\kjartan\dropbox\thinkingmachine\x64\debug\thinkingmachine.pdb
d:\users\kjartan\dropbox\thinkingmachine\thinkingmachine\x64\debug\thinkingmachine.res
z:\users\kjartan\dropbox\thinkingmachine\thinkingmachine\x64\debug\solver.cu.cache
z:\users\kjartan\dropbox\thinkingmachine\thinkingmachine\x64\debug\master.obj
z:\users\kjartan\dropbox\thinkingmachine\thinkingmachine\x64\debug\solver.cu.obj
z:\users\kjartan\dropbox\thinkingmachine\thinkingmachine\x64\debug\thinkingmachine.res
z:\users\kjartan\dropbox\thinkingmachine\thinkingmachine\x64\debug\vc140.idb
z:\users\kjartan\dropbox\thinkingmachine\thinkingmachine\x64\debug\vc140.pdb
z:\users\kjartan\dropbox\thinkingmachine\x64\debug\thinkingmachine.pdb
z:\users\kjartan\dropbox\thinkingmachine\x64\debug\thinkingmachine.exe
z:\users\kjartan\dropbox\thinkingmachine\x64\debug\thinkingmachine.ilk
z:\users\kjartan\dropbox\thinkingmachine\thinkingmachine\x64\debug\thinkingmachine.tlog\cl.command.1.tlog
z:\users\kjartan\dropbox\thinkingmachine\thinkingmachine\x64\debug\thinkingmachine.tlog\cl.read.1.tlog
z:\users\kjartan\dropbox\thinkingmachine\thinkingmachine\x64\debug\thinkingmachine.tlog\cl.write.1.tlog
z:\users\kjartan\dropbox\thinkingmachine\thinkingmachine\x64\debug\thinkingmachine.tlog\link.command.1.tlog
z:\users\kjartan\dropbox\thinkingmachine\thinkingmachine\x64\debug\thinkingmachine.tlog\link.read.1.tlog
z:\users\kjartan\dropbox\thinkingmachine\thinkingmachine\x64\debug\thinkingmachine.tlog\link.write.1.tlog
z:\users\kjartan\dropbox\thinkingmachine\thinkingmachine\x64\debug\thinkingmachine.tlog\rc.command.1.tlog
z:\users\kjartan\dropbox\thinkingmachine\thinkingmachine\x64\debug\thinkingmachine.tlog\rc.read.1.tlog
z:\users\kjartan\dropbox\thinkingmachine\thinkingmachine\x64\debug\thinkingmachine.tlog\rc.write.1.tlog
