  
  Z:\Users\kjartan\Dropbox\ThinkingMachine\ThinkingMachine>"C:\Program Files\NVIDIA GPU Computing Toolkit\CUDA\v8.0\bin\nvcc.exe" -ccbin "Z:\Program Files (x86)\Microsoft Visual Studio 14.0\VC\bin\x86_amd64"  -I"C:\Program Files\NVIDIA GPU Computing Toolkit\CUDA\v8.0\include" -I"C:\Program Files\NVIDIA GPU Computing Toolkit\CUDA\v8.0\include"  -G   --keep-dir x64\Debug -maxrregcount=0  --machine 64 --compile   -g   -DWIN32 -DWIN64 -D_DEBUG -D_CONSOLE -D_MBCS -Xcompiler "/EHsc /W3 /nologo /Od /FS /Zi /RTC1 /MDd " -o x64\Debug\Solver.cu.obj "Z:\Users\kjartan\Dropbox\ThinkingMachine\ThinkingMachine\Solver.cu" -clean 
CUDACOMPILE : nvcc warning : The 'compute_20', 'sm_20', and 'sm_21' architectures are deprecated, and may be removed in a future release (Use -Wno-deprecated-gpu-targets to suppress warning).
  Solver.cu
  Compiling CUDA source file Solver.cu...
  
  Z:\Users\kjartan\Dropbox\ThinkingMachine\ThinkingMachine>"C:\Program Files\NVIDIA GPU Computing Toolkit\CUDA\v8.0\bin\nvcc.exe" -gencode=arch=compute_20,code=\"sm_20,compute_20\" --use-local-env --cl-version 2015 -ccbin "Z:\Program Files (x86)\Microsoft Visual Studio 14.0\VC\bin\x86_amd64"  -I"C:\Program Files\NVIDIA GPU Computing Toolkit\CUDA\v8.0\include" -I"C:\Program Files\NVIDIA GPU Computing Toolkit\CUDA\v8.0\include"  -G   --keep-dir x64\Debug -maxrregcount=0  --machine 64 --compile -cudart static  -g   -DWIN32 -DWIN64 -D_DEBUG -D_CONSOLE -D_MBCS -Xcompiler "/EHsc /W3 /nologo /Od /FS /Zi /RTC1 /MDd " -o x64\Debug\Solver.cu.obj "Z:\Users\kjartan\Dropbox\ThinkingMachine\ThinkingMachine\Solver.cu" 
Z:/Users/kjartan/Dropbox/ThinkingMachine/ThinkingMachine/Solver.cu(60): warning : variable "radius" was declared but never referenced
Z:/Users/kjartan/Dropbox/ThinkingMachine/ThinkingMachine/Solver.cu(332): warning : variable "iiMax" was declared but never referenced
Z:/Users/kjartan/Dropbox/ThinkingMachine/ThinkingMachine/Solver.cu(335): warning : variable "jjMax" was declared but never referenced
Z:/Users/kjartan/Dropbox/ThinkingMachine/ThinkingMachine/Solver.cu(375): warning : variable "withinTile" was declared but never referenced
Z:/Users/kjartan/Dropbox/ThinkingMachine/ThinkingMachine/Solver.cu(60): warning : variable "radius" was declared but never referenced
Z:/Users/kjartan/Dropbox/ThinkingMachine/ThinkingMachine/Solver.cu(332): warning : variable "iiMax" was declared but never referenced
Z:/Users/kjartan/Dropbox/ThinkingMachine/ThinkingMachine/Solver.cu(335): warning : variable "jjMax" was declared but never referenced
Z:/Users/kjartan/Dropbox/ThinkingMachine/ThinkingMachine/Solver.cu(375): warning : variable "withinTile" was declared but never referenced
CUDACOMPILE : nvcc warning : The 'compute_20', 'sm_20', and 'sm_21' architectures are deprecated, and may be removed in a future release (Use -Wno-deprecated-gpu-targets to suppress warning).
  Solver.cu
Z:/Users/kjartan/Dropbox/ThinkingMachine/ThinkingMachine/Solver.cu(69): warning C4244: '=': conversion from 'double' to 'float', possible loss of data
Z:/Users/kjartan/Dropbox/ThinkingMachine/ThinkingMachine/Solver.cu(70): warning C4244: 'argument': conversion from 'int' to 'float', possible loss of data
  Master.cpp
z:\users\kjartan\dropbox\thinkingmachine\thinkingmachine\master.cpp(74): warning C4996: 'fopen': This function or variable may be unsafe. Consider using fopen_s instead. To disable deprecation, use _CRT_SECURE_NO_WARNINGS. See online help for details.
  c:\program files (x86)\windows kits\10\include\10.0.10240.0\ucrt\stdio.h(205): note: see declaration of 'fopen'
  ThinkingMachine.vcxproj -> Z:\Users\kjartan\Dropbox\ThinkingMachine\x64\Debug\ThinkingMachine.exe
  ThinkingMachine.vcxproj -> Z:\Users\kjartan\Dropbox\ThinkingMachine\x64\Debug\ThinkingMachine.pdb (Full PDB)
  copy "C:\Program Files\NVIDIA GPU Computing Toolkit\CUDA\v8.0\bin\cudart*.dll" "Z:\Users\kjartan\Dropbox\ThinkingMachine\x64\Debug\"
  C:\Program Files\NVIDIA GPU Computing Toolkit\CUDA\v8.0\bin\cudart32_80.dll
  C:\Program Files\NVIDIA GPU Computing Toolkit\CUDA\v8.0\bin\cudart64_80.dll
          2 file(s) copied.
